<?xml version="1.0" encoding="UTF-8"?>
<con:soapui-project id="eda3a880-4285-4908-b15b-539201c09d45" activeEnvironment="Default environment" name="ToDoListAPI" lastOpened="2017-04-11T03:35:12.913-07:00" resourceRoot="" soapui-version="6.0.0" defaultScriptLanguage="Groovy" xmlns:con="http://eviware.com/soapui/config"><con:settings><con:setting id="eda3a880-4285-4908-b15b-539201c09d45fileName">ToDoListAPI-soapui-project</con:setting></con:settings><con:vcsConfiguration><con:vcsName>Git</con:vcsName><con:repositoryIdentifier>https://github.com/daryldcL/APITests.git</con:repositoryIdentifier></con:vcsConfiguration><con:savedRecentRuns>1</con:savedRecentRuns><con:requirements/><con:properties/><con:wssContainer/><con:databaseConnectionContainer/><con:oAuth2ProfileContainer/><con:reporting><con:xmlTemplates xsi:nil="true" xmlns:xsi="http://www.w3.org/2001/XMLSchema-instance"/><con:xmlTemplates/><con:parameters/><con:parameters/></con:reporting><con:authRepository/><con:tags/><con:interface xsi:type="con:RestService" id="8d036dc1-c613-4c0d-b14d-f3ea0f04b887" wadlVersion="http://wadl.dev.java.net/2009/02" name="ToDoListDataAPI" type="rest" xmlns:xsi="http://www.w3.org/2001/XMLSchema-instance"><con:description xsi:nil="true"/><con:settings><con:setting id="8d036dc1-c613-4c0d-b14d-f3ea0f04b887fileName">ToDoListDataAPI</con:setting></con:settings><con:definitionCache type="TEXT" rootPart=""/><con:endpoints><con:endpoint>https://todolistdataapitestdemo.azurewebsites.net:443</con:endpoint></con:endpoints><con:resource name="/api/ToDoList" path="/api/ToDoList" id="3dbc3133-9052-4bee-9741-20d2276be778"><con:settings><con:setting id="3dbc3133-9052-4bee-9741-20d2276be778fileName">%2Fapi%2FToDoList</con:setting></con:settings><con:parameters/><con:method name="ToDoList_GetByOwner" id="b31d4afa-636b-4400-8bf3-aeb650b0d705" method="GET"><con:description>
</con:description><con:settings/><con:parameters><con:parameter required="true"><con:name>owner</con:name><con:style>QUERY</con:style><con:description xsi:nil="true"/></con:parameter></con:parameters><con:representation type="RESPONSE"><con:mediaType>application/json</con:mediaType><con:status>200</con:status><con:params/><con:sampleContent>[{"ID":0,"Description":"string","Owner":"string"}]</con:sampleContent></con:representation><con:representation type="RESPONSE"><con:mediaType>text/json</con:mediaType><con:status>200</con:status><con:params/><con:sampleContent xsi:nil="true"/></con:representation><con:representation type="RESPONSE"><con:mediaType>application/xml</con:mediaType><con:status>200</con:status><con:params/><con:sampleContent xsi:nil="true"/></con:representation><con:representation type="RESPONSE"><con:mediaType>text/xml</con:mediaType><con:status>200</con:status><con:params/><con:sampleContent xsi:nil="true"/></con:representation><con:representation type="RESPONSE"><con:mediaType>application/json; charset=utf-8</con:mediaType><con:status>200</con:status><con:params/><con:element>Response</con:element></con:representation><con:request name="Request 1" id="39854e9f-e70d-4966-ae57-dc8ade77ee16" mediaType="application/json"><con:settings><con:setting id="com.eviware.soapui.impl.wsdl.WsdlRequest@request-headers">&lt;xml-fragment/></con:setting></con:settings><con:endpoint>https://todolistdataapitestdemo.azurewebsites.net:443</con:endpoint><con:request/><con:originalUri>https://todolistdataapitestdemo.azurewebsites.net/api/ToDoList</con:originalUri><con:credentials><con:selectedAuthProfile>No Authorization</con:selectedAuthProfile><con:authType>No Authorization</con:authType></con:credentials><con:jmsConfig JMSDeliveryMode="PERSISTENT"/><con:parameters><entry key="owner" value="*" xmlns="http://eviware.com/soapui/config"/></con:parameters></con:request></con:method></con:resource></con:interface><con:testSuite id="04da0efd-f917-443c-b532-4d4fa93ed958" name="ToDoListDataAPI TestSuite"><con:description>TestSuite generated for REST Service [ToDoListDataAPI]</con:description><con:settings><con:setting id="04da0efd-f917-443c-b532-4d4fa93ed958fileName">ToDoListDataAPI-TestSuite</con:setting></con:settings><con:savedRecentRuns>1</con:savedRecentRuns><con:runType>SEQUENTIAL</con:runType><con:properties/><con:reportParameters/><con:testCase id="32a666be-4d1e-4f75-b65e-073564ff0481" discardOkResults="true" failOnError="true" failTestCaseOnErrors="true" keepSession="false" name="/api/ToDoList TestCase" searchProperties="true" timeout="0"><con:description>TestCase generated for REST Resource [/api/ToDoList] located at [/api/ToDoList]</con:description><con:settings><con:setting id="32a666be-4d1e-4f75-b65e-073564ff0481fileName">%2Fapi%2FToDoList-TestCase</con:setting></con:settings><con:savedRecentRuns>1</con:savedRecentRuns><con:testStep type="restrequest" name="Request 1" id="1b9c5301-f9f5-4b73-96b9-fc4d0bcf0e0f"><con:settings/><con:config service="ToDoListDataAPI" resourcePath="/api/ToDoList" methodName="ToDoList_GetByOwner" xsi:type="con:RestRequestStep" xmlns:xsi="http://www.w3.org/2001/XMLSchema-instance"><con:restRequest name="Request 1" id="39854e9f-e70d-4966-ae57-dc8ade77ee16" mediaType="application/json"><con:settings><con:setting id="com.eviware.soapui.impl.wsdl.WsdlRequest@request-headers">&lt;xml-fragment/></con:setting></con:settings><con:endpoint>https://todolistdataapitestdemo.azurewebsites.net:443</con:endpoint><con:request/><con:originalUri>https://todolistdataapitestdemo.azurewebsites.net/api/ToDoList</con:originalUri><con:assertion type="Valid HTTP Status Codes" id="d2921712-abb2-436f-a105-41d9ded0d3a6" name="Valid HTTP Status Codes"><con:settings/><con:configuration><codes>200</codes></con:configuration></con:assertion><con:credentials><con:selectedAuthProfile>Inherit From Parent</con:selectedAuthProfile><con:authType>No Authorization</con:authType></con:credentials><con:jmsConfig JMSDeliveryMode="PERSISTENT"/><con:parameters><entry key="owner" value="*" xmlns="http://eviware.com/soapui/config"/></con:parameters></con:restRequest></con:config></con:testStep><con:properties/><con:reportParameters/></con:testCase></con:testSuite><project xsi:schemaLocation="http://maven.apache.org/POM/4.0.0 http://maven.apache.org/maven-v4_0_0.xsd" xmlns="http://maven.apache.org/POM/4.0.0" xmlns:xsi="http://www.w3.org/2001/XMLSchema-instance">
   <modelVersion>4.0.0</modelVersion>
   <groupId>com.mycompany.app</groupId>
   <artifactId>my-app</artifactId>
   <version>1.9.0</version>
   
   <!--Add the SmartBear Ready! API plugin repository.--> 
   <!--Maven will download the plugin from the specified URL.-->
   <pluginRepositories>
      <pluginRepository>
         <id>SmartBearPluginRepository</id>
         <url>http://smartbearsoftware.com/repository/maven2</url>
      </pluginRepository>
   </pluginRepositories>

   <build>
      <plugins>
         <plugin>

            <!--Plugin groupID used to uniquely identify the project with the plugin.-->
            <groupId>com.smartbear</groupId>
            <!--Plugin artifactId used to find the plugin in the project.-->
            <artifactId>ready-api-maven-plugin</artifactId>
            <!--Specifies your Ready! API version. Maven will use the appropriate plugin version.-->
            <!-- IMPORTANT: Must be the same as your Ready! API version.-->
            <version>1.9.0</version>

            <executions>
               <execution>

                  <!--Specifies the lifecycle phase to run Ready! API tests .-->
                  <!--We recommend using the test phase.-->
                  <phase>test</phase>
                  <goals>
                     <!--Do not change. Commands Maven plugin to run a functional test.-->
                     <goal>test</goal>
                  </goals>

                  <configuration>

                     <!--Required. Specifies the path to the project to execute.-->
                     <projectFile>${session.executionRootDirectory}</projectFile>
                     <!--Required for reports. Specifies the format of the report to generate.-->
                     <!--Possible values: PDF, XLS, HTML, RTF, CSV, TXT and XML. Only available in Ready! API Pro. -->                      <reportFormat>PDF</reportFormat>
                     <!--Required for Maven Surefire reports. Must be true. -->
                     <!--Commands Ready! API to generate JUnit-style reports.-->
                     <junitReport>true</junitReport>
                     <!--Required for Maven Surefire reports. Must be as shown. -->
                     <!--Specifies the folder to store reports in. -->
                     <reports>${basedir}/target/surefire-reports</reports>

                     <!-- ========= Additional elements ============= -->

                     <!--Specifies the name of the test suite to run.-->
                     <!--testSuite></testSuite-->
                     <!--Specifies the name of the test case to run.-->
                     <!--testCase></testCase-->
                     <!--Specifies the tags to use. Only the test cases with specified tags will be run. Use the syntax below. -->
                     <!--tags><param>TestCase tag1, tag2</param></tags-->
                     <!--Overrides service endpoints specified in the test. -->
                     <!--endpoint></endpoint-->
                     <!--Overrides the host specified in the the test.-->
                     <!--host></host-->
                     <!--Overrides user name for all requests.-->
                     <!--username></username-->
                     <!--Overrides passwords for all requests.-->
                     <!--password></password-->
                     <!--Overrides domain used for requests.-->
                     <!--domain></domain-->
                     <!--If true, commands Maven to create a printed report.-->
                     <!--printReport></printReport-->
                     <!--Sets the output folder for reports.-->
                     <!--outputFolder></outputFolder-->
                     <!--If true, commands Maven to export all requests.-->
                     <!--exportAll></exportAll-->
                     <!--Specifies the SoapUI settings file to use.-->
                     <!--settingsFile></settingsFile-->
                     <!--Specifies the type of WSS password.-->
                     <!--wssPasswordType></wssPasswordType-->
                     <!--Specifies the password for an encrypted project.-->
                     <!--project.password></project.password -->
                     <!--Specifies the password for an encrypted settings file.-->
                     <!--settingsFile.password></settingsFile.password-->
                     <!--Specifies the value of a global property for the test run. Syntax: <variable>=<value>-->-->
                     <!--globalProperties></globalProperties-->
                     <!--Specifies the value of a project property for the test run. Syntax: <variable>=<value>-->
                     <!--projectProperties></projectProperties-->
                     <!--Saves the project after the test run.-->
                     <!--saveAfterRun></saveAfterRun-->
                     <!--If true, commands Maven to continue the test run even when an assertion triggers.-->
                     <!--testFailIgnore>true</testFailIgnore-->
                     <!--Specifies the report type. Only available in Ready! API Pro.-->
                     <!--Click Reporting on Ready! API toolbar to find the list of available repors.-->
                     <!--reportName></reportName-->
                     <!--Enables HTML coverage reports. Only available in Ready! API Pro.-->
                     <!--coverage></coverage-->
                     <!--Specifies the environment to use in the test run. Only available in Ready! API Pro.-->
                     <!--environment></environment-->
                     <!--Provides access to Ready! API properties.-->
                     <!--readyApiProperties></readyApiProperties-->
                     <!--If true, Ready! API will not send usage statistics.-->
                     <!--optOutUsageStatistics></optOutUsageStatistics-->

                     <!-- ========= /Additional elements ============= -->

                  </configuration>
               </execution>
            </executions>
         </plugin>

         <!--Add Maven Site Plugin to improve test stability and prepare test data for Maven SureFire.-->
         <plugin>
            <groupId>org.apache.maven.plugins</groupId>
            <artifactId>maven-site-plugin</artifactId>
            <version>3.5</version>
            <configuration>
               <locales>en,fr</locales>
            </configuration>
         </plugin>

      </plugins>

   </build>

   <!--Add Maven SureFire Plugin to generate JUnit XML reports.-->
   <reporting>
      <plugins>
         <plugin>
            <groupId>org.apache.maven.plugins</groupId>
            <artifactId>maven-surefire-report-plugin</artifactId>
            <version>2.19.1</version>
         </plugin>
      </plugins>
   </reporting>

</project></con:soapui-project>